<?xml version="1.0" encoding="UTF-8"?>
<!-- Generated by org.testng.reporters.JUnitReportReporter -->
<testsuite hostname="DESKTOP-B7VM1UA" failures="0" tests="1" name="com.learnautomation.testcase.Search_TestCase" time="11.712" errors="0" timestamp="2023-11-27T14:00:39 IST" skipped="0">
  <testcase classname="com.learnautomation.testcase.Search_TestCase" name="SearchFor" time="11.712"/>
  <system-out>
    <![CDATA[Entering Product Name]]>
  </system-out>
</testsuite> <!-- com.learnautomation.testcase.Search_TestCase -->
